<?xml version="1.0" encoding="UTF-8"?>
<testsuite name="com.example.catsapi.CatsApiApplicationTests" tests="1" skipped="0" failures="0" errors="0" timestamp="2024-02-22T10:47:45" hostname="SK41504" time="0.836">
  <properties/>
  <testcase name="contextLoads()" classname="com.example.catsapi.CatsApiApplicationTests" time="0.836"/>
  <system-out><![CDATA[13:47:38.795 [Test worker] INFO org.springframework.test.context.support.AnnotationConfigContextLoaderUtils -- Could not detect default configuration classes for test class [com.example.catsapi.CatsApiApplicationTests]: CatsApiApplicationTests does not declare any static, non-private, non-final, nested classes annotated with @Configuration.
13:47:38.960 [Test worker] INFO org.springframework.boot.test.context.SpringBootTestContextBootstrapper -- Found @SpringBootConfiguration com.example.catsapi.CatsApiApplication for test class com.example.catsapi.CatsApiApplicationTests

  .   ____          _            __ _ _
 /\\ / ___'_ __ _ _(_)_ __  __ _ \ \ \ \
( ( )\___ | '_ | '_| | '_ \/ _` | \ \ \ \
 \\/  ___)| |_)| | | | | || (_| |  ) ) ) )
  '  |____| .__|_| |_|_| |_\__, | / / / /
 =========|_|==============|___/=/_/_/_/
 :: Spring Boot ::                (v3.1.8)

2024-02-22T13:47:39.631+03:00  INFO 6972 --- [    Test worker] c.e.catsapi.CatsApiApplicationTests      : Starting CatsApiApplicationTests using Java 21.0.1 with PID 6972 (started by 10390 in C:\Users\10390\Desktop\TRY\Spring\Spring_cats_Api_jusafYT\cats-api (1)\cats-api)
2024-02-22T13:47:39.632+03:00  INFO 6972 --- [    Test worker] c.e.catsapi.CatsApiApplicationTests      : No active profile set, falling back to 1 default profile: "default"
2024-02-22T13:47:40.616+03:00  INFO 6972 --- [    Test worker] .s.d.r.c.RepositoryConfigurationDelegate : Bootstrapping Spring Data JPA repositories in DEFAULT mode.
2024-02-22T13:47:40.703+03:00  INFO 6972 --- [    Test worker] .s.d.r.c.RepositoryConfigurationDelegate : Finished Spring Data repository scanning in 72 ms. Found 1 JPA repository interface.
2024-02-22T13:47:41.545+03:00  INFO 6972 --- [    Test worker] o.f.c.internal.license.VersionPrinter    : Flyway Community Edition 9.16.3 by Redgate
2024-02-22T13:47:41.545+03:00  INFO 6972 --- [    Test worker] o.f.c.internal.license.VersionPrinter    : See release notes here: https://rd.gt/416ObMi
2024-02-22T13:47:41.546+03:00  INFO 6972 --- [    Test worker] o.f.c.internal.license.VersionPrinter    : 
2024-02-22T13:47:41.561+03:00  INFO 6972 --- [    Test worker] com.zaxxer.hikari.HikariDataSource       : HikariPool-1 - Starting...
2024-02-22T13:47:41.714+03:00  INFO 6972 --- [    Test worker] com.zaxxer.hikari.pool.HikariPool        : HikariPool-1 - Added connection org.postgresql.jdbc.PgConnection@616a06e3
2024-02-22T13:47:41.716+03:00  INFO 6972 --- [    Test worker] com.zaxxer.hikari.HikariDataSource       : HikariPool-1 - Start completed.
2024-02-22T13:47:41.742+03:00  INFO 6972 --- [    Test worker] o.f.c.i.database.base.BaseDatabaseType   : Database: jdbc:postgresql://localhost:5444/cats-api (PostgreSQL 12.18)
2024-02-22T13:47:41.815+03:00  INFO 6972 --- [    Test worker] o.f.core.internal.command.DbValidate     : Successfully validated 1 migration (execution time 00:00.037s)
2024-02-22T13:47:41.859+03:00  INFO 6972 --- [    Test worker] o.f.core.internal.command.DbMigrate      : Current version of schema "public": 1.0.0
2024-02-22T13:47:41.861+03:00  INFO 6972 --- [    Test worker] o.f.core.internal.command.DbMigrate      : Schema "public" is up to date. No migration necessary.
2024-02-22T13:47:42.165+03:00  INFO 6972 --- [    Test worker] o.hibernate.jpa.internal.util.LogHelper  : HHH000204: Processing PersistenceUnitInfo [name: default]
2024-02-22T13:47:42.313+03:00  INFO 6972 --- [    Test worker] org.hibernate.Version                    : HHH000412: Hibernate ORM core version 6.2.20.Final
2024-02-22T13:47:42.318+03:00  INFO 6972 --- [    Test worker] org.hibernate.cfg.Environment            : HHH000406: Using bytecode reflection optimizer
2024-02-22T13:47:42.817+03:00  INFO 6972 --- [    Test worker] o.s.o.j.p.SpringPersistenceUnitInfo      : No LoadTimeWeaver setup: ignoring JPA class transformer
2024-02-22T13:47:44.135+03:00  INFO 6972 --- [    Test worker] o.h.e.t.j.p.i.JtaPlatformInitiator       : HHH000489: No JTA platform available (set 'hibernate.transaction.jta.platform' to enable JTA platform integration)
2024-02-22T13:47:44.143+03:00  INFO 6972 --- [    Test worker] j.LocalContainerEntityManagerFactoryBean : Initialized JPA EntityManagerFactory for persistence unit 'default'
2024-02-22T13:47:44.895+03:00  WARN 6972 --- [    Test worker] JpaBaseConfiguration$JpaWebConfiguration : spring.jpa.open-in-view is enabled by default. Therefore, database queries may be performed during view rendering. Explicitly configure spring.jpa.open-in-view to disable this warning
2024-02-22T13:47:45.750+03:00  INFO 6972 --- [    Test worker] c.e.catsapi.CatsApiApplicationTests      : Started CatsApiApplicationTests in 6.543 seconds (process running for 8.872)
]]></system-out>
  <system-err><![CDATA[WARNING: A Java agent has been loaded dynamically (C:\Users\10390\.gradle\caches\modules-2\files-2.1\net.bytebuddy\byte-buddy-agent\1.14.11\f9cb566608fbac6bc7bf54901a7aa11543a989ee\byte-buddy-agent-1.14.11.jar)
WARNING: If a serviceability tool is in use, please run with -XX:+EnableDynamicAgentLoading to hide this warning
WARNING: If a serviceability tool is not in use, please run with -Djdk.instrument.traceUsage for more information
WARNING: Dynamic loading of agents will be disallowed by default in a future release
]]></system-err>
</testsuite>
